mode: set
github.com/MartinSimango/dstruct/dreflect/dreflect.go:9.41,13.2 3 1
github.com/MartinSimango/dstruct/dreflect/dreflect.go:15.45,17.2 1 1
github.com/MartinSimango/dstruct/dreflect/dreflect.go:19.43,21.2 1 1
github.com/MartinSimango/dstruct/dreflect/dreflect.go:24.65,25.15 1 1
github.com/MartinSimango/dstruct/dreflect/dreflect.go:30.2,31.35 2 1
github.com/MartinSimango/dstruct/dreflect/dreflect.go:34.2,34.28 1 1
github.com/MartinSimango/dstruct/dreflect/dreflect.go:25.15,26.31 1 1
github.com/MartinSimango/dstruct/dreflect/dreflect.go:26.31,27.108 1 1
github.com/MartinSimango/dstruct/dreflect/dreflect.go:31.35,33.3 1 1
github.com/MartinSimango/dstruct/dreflect/dreflect.go:37.48,44.2 1 1
github.com/MartinSimango/dstruct/dreflect/dreflect.go:46.66,48.43 1 1
github.com/MartinSimango/dstruct/dreflect/dreflect.go:52.2,52.20 1 1
github.com/MartinSimango/dstruct/dreflect/dreflect.go:125.2,125.32 1 1
github.com/MartinSimango/dstruct/dreflect/dreflect.go:48.43,49.114 1 1
github.com/MartinSimango/dstruct/dreflect/dreflect.go:53.22,59.19 5 1
github.com/MartinSimango/dstruct/dreflect/dreflect.go:63.3,63.45 1 1
github.com/MartinSimango/dstruct/dreflect/dreflect.go:75.3,75.19 1 1
github.com/MartinSimango/dstruct/dreflect/dreflect.go:76.21,78.18 1 1
github.com/MartinSimango/dstruct/dreflect/dreflect.go:81.3,86.34 4 1
github.com/MartinSimango/dstruct/dreflect/dreflect.go:89.3,89.18 1 1
github.com/MartinSimango/dstruct/dreflect/dreflect.go:90.21,91.29 1 1
github.com/MartinSimango/dstruct/dreflect/dreflect.go:94.3,98.34 4 1
github.com/MartinSimango/dstruct/dreflect/dreflect.go:101.3,101.18 1 1
github.com/MartinSimango/dstruct/dreflect/dreflect.go:102.23,104.18 1 1
github.com/MartinSimango/dstruct/dreflect/dreflect.go:107.3,110.112 3 1
github.com/MartinSimango/dstruct/dreflect/dreflect.go:114.3,122.27 4 1
github.com/MartinSimango/dstruct/dreflect/dreflect.go:59.19,60.158 1 1
github.com/MartinSimango/dstruct/dreflect/dreflect.go:63.45,65.72 2 1
github.com/MartinSimango/dstruct/dreflect/dreflect.go:68.4,73.18 3 1
github.com/MartinSimango/dstruct/dreflect/dreflect.go:65.72,66.116 1 1
github.com/MartinSimango/dstruct/dreflect/dreflect.go:78.18,80.4 1 1
github.com/MartinSimango/dstruct/dreflect/dreflect.go:86.34,88.4 1 1
github.com/MartinSimango/dstruct/dreflect/dreflect.go:91.29,92.115 1 1
github.com/MartinSimango/dstruct/dreflect/dreflect.go:98.34,100.4 1 1
github.com/MartinSimango/dstruct/dreflect/dreflect.go:104.18,106.4 1 1
github.com/MartinSimango/dstruct/dreflect/dreflect.go:110.112,111.115 1 1
github.com/MartinSimango/dstruct/dreflect/dreflect.go:128.83,131.2 2 1
