mode: set
github.com/MartinSimango/dstruct/dreflect/dreflect.go:9.41,11.2 1 1
github.com/MartinSimango/dstruct/dreflect/dreflect.go:13.45,15.2 1 1
github.com/MartinSimango/dstruct/dreflect/dreflect.go:17.53,19.2 1 1
github.com/MartinSimango/dstruct/dreflect/dreflect.go:22.65,23.15 1 1
github.com/MartinSimango/dstruct/dreflect/dreflect.go:28.2,29.28 2 1
github.com/MartinSimango/dstruct/dreflect/dreflect.go:23.15,24.23 1 1
github.com/MartinSimango/dstruct/dreflect/dreflect.go:24.23,25.108 1 1
github.com/MartinSimango/dstruct/dreflect/dreflect.go:32.48,39.2 1 1
github.com/MartinSimango/dstruct/dreflect/dreflect.go:41.66,43.43 1 1
github.com/MartinSimango/dstruct/dreflect/dreflect.go:47.2,47.20 1 1
github.com/MartinSimango/dstruct/dreflect/dreflect.go:108.2,108.32 1 1
github.com/MartinSimango/dstruct/dreflect/dreflect.go:43.43,44.114 1 1
github.com/MartinSimango/dstruct/dreflect/dreflect.go:48.22,53.45 4 1
github.com/MartinSimango/dstruct/dreflect/dreflect.go:62.3,62.19 1 1
github.com/MartinSimango/dstruct/dreflect/dreflect.go:63.21,65.18 1 1
github.com/MartinSimango/dstruct/dreflect/dreflect.go:68.3,73.34 4 1
github.com/MartinSimango/dstruct/dreflect/dreflect.go:76.3,76.18 1 1
github.com/MartinSimango/dstruct/dreflect/dreflect.go:77.21,78.29 1 1
github.com/MartinSimango/dstruct/dreflect/dreflect.go:81.3,85.34 4 1
github.com/MartinSimango/dstruct/dreflect/dreflect.go:88.3,88.18 1 1
github.com/MartinSimango/dstruct/dreflect/dreflect.go:89.23,92.18 2 1
github.com/MartinSimango/dstruct/dreflect/dreflect.go:96.3,98.112 2 1
github.com/MartinSimango/dstruct/dreflect/dreflect.go:102.3,105.12 4 1
github.com/MartinSimango/dstruct/dreflect/dreflect.go:53.45,61.4 4 1
github.com/MartinSimango/dstruct/dreflect/dreflect.go:65.18,67.4 1 1
github.com/MartinSimango/dstruct/dreflect/dreflect.go:73.34,75.4 1 1
github.com/MartinSimango/dstruct/dreflect/dreflect.go:78.29,79.115 1 1
github.com/MartinSimango/dstruct/dreflect/dreflect.go:85.34,87.4 1 1
github.com/MartinSimango/dstruct/dreflect/dreflect.go:92.18,94.4 1 1
github.com/MartinSimango/dstruct/dreflect/dreflect.go:98.112,99.115 1 1
github.com/MartinSimango/dstruct/dreflect/dreflect.go:111.83,114.2 2 1
