mode: set
github.com/MartinSimango/dstruct/field.go:20.38,22.2 1 0
github.com/MartinSimango/dstruct/field.go:24.31,26.2 1 0
github.com/MartinSimango/dstruct/field.go:28.39,30.2 1 0
github.com/MartinSimango/dstruct/field.go:32.40,34.2 1 1
github.com/MartinSimango/dstruct/field.go:36.40,38.2 1 0
github.com/MartinSimango/dstruct/generated.struct.go:39.55,41.2 1 0
github.com/MartinSimango/dstruct/generated.struct.go:43.101,51.2 3 0
github.com/MartinSimango/dstruct/generated.struct.go:53.58,55.39 1 0
github.com/MartinSimango/dstruct/generated.struct.go:55.39,56.26 1 0
github.com/MartinSimango/dstruct/generated.struct.go:56.26,57.12 1 0
github.com/MartinSimango/dstruct/generated.struct.go:60.3,60.109 1 0
github.com/MartinSimango/dstruct/generated.struct.go:64.43,66.2 1 0
github.com/MartinSimango/dstruct/generated.struct.go:68.123,69.31 1 0
github.com/MartinSimango/dstruct/generated.struct.go:69.31,71.3 1 0
github.com/MartinSimango/dstruct/generated.struct.go:72.2,72.38 1 0
github.com/MartinSimango/dstruct/generated.struct.go:72.38,74.3 1 0
github.com/MartinSimango/dstruct/generated.struct.go:75.2,76.12 2 0
github.com/MartinSimango/dstruct/generated.struct.go:79.99,81.2 1 0
github.com/MartinSimango/dstruct/generated.struct.go:83.49,84.45 1 0
github.com/MartinSimango/dstruct/generated.struct.go:84.45,85.55 1 0
github.com/MartinSimango/dstruct/generated.struct.go:85.55,87.4 1 0
github.com/MartinSimango/dstruct/generated.struct.go:91.30,94.2 2 0
github.com/MartinSimango/dstruct/generated.struct.go:96.54,102.2 1 0
github.com/MartinSimango/dstruct/merger.go:11.61,12.21 1 0
github.com/MartinSimango/dstruct/merger.go:12.21,14.3 1 0
github.com/MartinSimango/dstruct/merger.go:16.2,16.35 1 0
github.com/MartinSimango/dstruct/merger.go:16.35,17.58 1 0
github.com/MartinSimango/dstruct/merger.go:17.58,19.4 1 0
github.com/MartinSimango/dstruct/merger.go:22.2,24.35 3 0
github.com/MartinSimango/dstruct/merger.go:24.35,27.17 3 0
github.com/MartinSimango/dstruct/merger.go:27.17,29.4 1 0
github.com/MartinSimango/dstruct/merger.go:30.3,30.36 1 0
github.com/MartinSimango/dstruct/merger.go:34.2,34.37 1 0
github.com/MartinSimango/dstruct/merger.go:38.78,43.66 2 0
github.com/MartinSimango/dstruct/merger.go:43.66,48.16 3 0
github.com/MartinSimango/dstruct/merger.go:48.16,50.12 2 0
github.com/MartinSimango/dstruct/merger.go:52.3,52.88 1 0
github.com/MartinSimango/dstruct/merger.go:52.88,54.4 1 0
github.com/MartinSimango/dstruct/merger.go:56.3,56.47 1 0
github.com/MartinSimango/dstruct/merger.go:56.47,59.119 3 0
github.com/MartinSimango/dstruct/merger.go:59.119,61.5 1 0
github.com/MartinSimango/dstruct/merger.go:62.4,63.44 2 0
github.com/MartinSimango/dstruct/merger.go:63.44,67.19 2 0
github.com/MartinSimango/dstruct/merger.go:67.19,69.6 1 0
github.com/MartinSimango/dstruct/merger.go:70.5,70.64 1 0
github.com/MartinSimango/dstruct/merger.go:71.10,73.5 1 0
github.com/MartinSimango/dstruct/merger.go:75.9,75.55 1 0
github.com/MartinSimango/dstruct/merger.go:75.55,77.18 2 0
github.com/MartinSimango/dstruct/merger.go:77.18,79.5 1 0
github.com/MartinSimango/dstruct/merger.go:80.4,81.78 2 0
github.com/MartinSimango/dstruct/merger.go:86.2,86.33 1 0
github.com/MartinSimango/dstruct/merger.go:86.33,89.3 2 0
github.com/MartinSimango/dstruct/merger.go:90.2,90.42 1 0
github.com/MartinSimango/dstruct/merger.go:93.46,94.78 1 0
github.com/MartinSimango/dstruct/merger.go:94.78,96.3 1 0
github.com/MartinSimango/dstruct/merger.go:97.2,97.13 1 0
github.com/MartinSimango/dstruct/merger.go:100.69,103.61 3 0
github.com/MartinSimango/dstruct/merger.go:103.61,104.43 1 0
github.com/MartinSimango/dstruct/merger.go:104.43,106.4 1 0
github.com/MartinSimango/dstruct/merger.go:107.8,108.28 1 0
github.com/MartinSimango/dstruct/merger.go:108.28,110.4 1 0
github.com/MartinSimango/dstruct/merger.go:112.2,112.12 1 0
github.com/MartinSimango/dstruct/merger.go:115.112,119.79 3 0
github.com/MartinSimango/dstruct/merger.go:119.79,120.43 1 0
github.com/MartinSimango/dstruct/merger.go:120.43,122.4 1 0
github.com/MartinSimango/dstruct/merger.go:123.8,124.28 1 0
github.com/MartinSimango/dstruct/merger.go:124.28,126.4 1 0
github.com/MartinSimango/dstruct/merger.go:128.2,128.12 1 0
github.com/MartinSimango/dstruct/modifier.go:44.77,53.2 3 1
github.com/MartinSimango/dstruct/modifier.go:55.76,57.42 1 1
github.com/MartinSimango/dstruct/modifier.go:57.42,61.3 3 1
github.com/MartinSimango/dstruct/modifier.go:64.48,66.2 1 0
github.com/MartinSimango/dstruct/modifier.go:67.53,69.2 1 1
github.com/MartinSimango/dstruct/modifier.go:71.69,72.31 1 1
github.com/MartinSimango/dstruct/modifier.go:72.31,74.3 1 0
github.com/MartinSimango/dstruct/modifier.go:75.2,75.55 1 1
github.com/MartinSimango/dstruct/modifier.go:78.41,81.27 2 1
github.com/MartinSimango/dstruct/modifier.go:81.27,84.39 2 1
github.com/MartinSimango/dstruct/modifier.go:84.39,86.4 1 0
github.com/MartinSimango/dstruct/modifier.go:88.2,88.13 1 1
github.com/MartinSimango/dstruct/modifier.go:90.73,91.31 1 1
github.com/MartinSimango/dstruct/modifier.go:91.31,93.3 1 0
github.com/MartinSimango/dstruct/modifier.go:95.2,95.29 1 1
github.com/MartinSimango/dstruct/modifier.go:95.29,97.3 1 0
github.com/MartinSimango/dstruct/modifier.go:99.2,100.23 2 1
github.com/MartinSimango/dstruct/modifier.go:100.23,101.19 1 1
github.com/MartinSimango/dstruct/modifier.go:101.19,102.28 1 0
github.com/MartinSimango/dstruct/modifier.go:102.28,104.5 1 0
github.com/MartinSimango/dstruct/modifier.go:105.4,105.14 1 0
github.com/MartinSimango/dstruct/modifier.go:107.3,108.13 2 1
github.com/MartinSimango/dstruct/modifier.go:111.2,113.12 2 0
github.com/MartinSimango/dstruct/modifier.go:116.67,118.2 1 0
github.com/MartinSimango/dstruct/modifier.go:120.54,123.2 2 0
github.com/MartinSimango/dstruct/node.go:9.49,15.2 1 1
github.com/MartinSimango/dstruct/node.go:17.43,19.2 1 1
github.com/MartinSimango/dstruct/node.go:21.49,23.2 1 1
github.com/MartinSimango/dstruct/node.go:25.38,27.2 1 0
github.com/MartinSimango/dstruct/node.go:29.35,38.31 4 1
github.com/MartinSimango/dstruct/node.go:38.31,41.3 2 1
github.com/MartinSimango/dstruct/node.go:42.2,42.16 1 1
github.com/MartinSimango/dstruct/tree.builder.go:20.31,29.2 1 1
github.com/MartinSimango/dstruct/tree.builder.go:31.36,33.2 1 1
github.com/MartinSimango/dstruct/tree.builder.go:35.30,36.16 1 1
github.com/MartinSimango/dstruct/tree.builder.go:36.16,38.3 1 1
github.com/MartinSimango/dstruct/tree.builder.go:39.2,41.25 2 1
github.com/MartinSimango/dstruct/tree.builder.go:41.25,43.3 1 0
github.com/MartinSimango/dstruct/tree.builder.go:44.2,44.49 1 1
github.com/MartinSimango/dstruct/tree.builder.go:47.45,52.21 3 1
github.com/MartinSimango/dstruct/tree.builder.go:52.21,53.76 1 1
github.com/MartinSimango/dstruct/tree.builder.go:56.2,56.22 1 1
github.com/MartinSimango/dstruct/tree.builder.go:57.22,58.45 1 1
github.com/MartinSimango/dstruct/tree.builder.go:59.19,60.38 1 1
github.com/MartinSimango/dstruct/tree.builder.go:63.2,63.10 1 1
github.com/MartinSimango/dstruct/tree.builder.go:66.76,68.14 1 1
github.com/MartinSimango/dstruct/tree.builder.go:68.14,70.3 1 1
github.com/MartinSimango/dstruct/tree.builder.go:71.2,74.3 1 1
github.com/MartinSimango/dstruct/tree.builder.go:77.57,78.34 1 1
github.com/MartinSimango/dstruct/tree.builder.go:78.34,81.3 2 1
github.com/MartinSimango/dstruct/tree.builder.go:82.2,82.13 1 1
github.com/MartinSimango/dstruct/tree.builder.go:85.90,88.2 2 1
github.com/MartinSimango/dstruct/tree.builder.go:90.85,96.2 4 1
github.com/MartinSimango/dstruct/tree.builder.go:98.62,102.37 3 1
github.com/MartinSimango/dstruct/tree.builder.go:102.37,104.3 1 1
github.com/MartinSimango/dstruct/tree.builder.go:105.2,105.49 1 1
github.com/MartinSimango/dstruct/tree.builder.go:105.49,108.3 2 1
github.com/MartinSimango/dstruct/tree.builder.go:110.2,110.12 1 1
github.com/MartinSimango/dstruct/tree.builder.go:113.60,116.17 2 1
github.com/MartinSimango/dstruct/tree.builder.go:116.17,118.3 1 0
github.com/MartinSimango/dstruct/tree.builder.go:119.2,119.40 1 1
github.com/MartinSimango/dstruct/tree.builder.go:122.71,127.2 4 1
github.com/MartinSimango/dstruct/tree.builder.go:129.64,132.2 2 0
github.com/MartinSimango/dstruct/tree.builder.go:134.64,139.35 3 1
github.com/MartinSimango/dstruct/tree.builder.go:139.35,140.50 1 1
github.com/MartinSimango/dstruct/tree.builder.go:140.50,142.4 1 0
github.com/MartinSimango/dstruct/tree.builder.go:144.2,144.13 1 1
github.com/MartinSimango/dstruct/tree.builder.go:148.58,151.27 2 1
github.com/MartinSimango/dstruct/tree.builder.go:151.27,155.3 3 1
github.com/MartinSimango/dstruct/tree.builder.go:156.2,156.54 1 1
github.com/MartinSimango/dstruct/tree.builder.go:159.63,162.18 3 1
github.com/MartinSimango/dstruct/tree.builder.go:162.18,163.47 1 1
github.com/MartinSimango/dstruct/tree.builder.go:163.47,165.4 1 1
github.com/MartinSimango/dstruct/tree.builder.go:165.9,167.4 1 1
github.com/MartinSimango/dstruct/tree.builder.go:170.2,170.32 1 1
github.com/MartinSimango/dstruct/tree.builder.go:173.161,175.22 2 1
github.com/MartinSimango/dstruct/tree.builder.go:175.22,176.64 1 1
github.com/MartinSimango/dstruct/tree.builder.go:178.2,178.40 1 1
github.com/MartinSimango/dstruct/tree.builder.go:178.40,180.3 1 1
github.com/MartinSimango/dstruct/tree.builder.go:180.8,182.3 1 1
github.com/MartinSimango/dstruct/tree.builder.go:184.2,199.22 6 1
github.com/MartinSimango/dstruct/tree.builder.go:200.22,201.76 1 1
github.com/MartinSimango/dstruct/tree.builder.go:202.19,203.69 1 1
github.com/MartinSimango/dstruct/tree.builder.go:206.2,206.18 1 1
github.com/MartinSimango/dstruct/tree.builder.go:209.50,210.33 1 1
github.com/MartinSimango/dstruct/tree.builder.go:210.33,212.3 1 1
github.com/MartinSimango/dstruct/tree.builder.go:213.2,213.39 1 1
github.com/MartinSimango/dstruct/tree.builder.go:213.39,215.3 1 1
github.com/MartinSimango/dstruct/tree.builder.go:217.2,217.8 1 1
github.com/MartinSimango/dstruct/tree.builder.go:220.42,226.33 3 1
github.com/MartinSimango/dstruct/tree.builder.go:226.33,230.33 4 1
github.com/MartinSimango/dstruct/tree.builder.go:230.33,232.4 1 1
github.com/MartinSimango/dstruct/tree.builder.go:232.9,234.4 1 1
github.com/MartinSimango/dstruct/tree.builder.go:236.3,242.5 1 1
github.com/MartinSimango/dstruct/tree.builder.go:246.2,247.42 2 1
github.com/MartinSimango/dstruct/tree.builder.go:247.42,249.3 1 1
github.com/MartinSimango/dstruct/tree.builder.go:251.2,251.26 1 1
github.com/MartinSimango/dstruct/tree.builder.go:254.67,255.40 1 1
github.com/MartinSimango/dstruct/tree.builder.go:255.40,259.23 4 1
github.com/MartinSimango/dstruct/tree.builder.go:260.23,261.44 1 1
github.com/MartinSimango/dstruct/tree.builder.go:262.20,263.44 1 1
github.com/MartinSimango/dstruct/tree.builder.go:264.11,269.32 1 1
github.com/MartinSimango/dstruct/tree.builder.go:271.3,273.33 2 1
github.com/MartinSimango/dstruct/tree.builder.go:273.33,275.4 1 1
github.com/MartinSimango/dstruct/tree.builder.go:281.56,284.20 2 1
github.com/MartinSimango/dstruct/tree.builder.go:284.20,286.54 1 1
github.com/MartinSimango/dstruct/tree.builder.go:286.54,291.4 3 0
github.com/MartinSimango/dstruct/tree.builder.go:293.3,293.44 1 1
github.com/MartinSimango/dstruct/tree.builder.go:293.44,294.33 1 1
github.com/MartinSimango/dstruct/tree.builder.go:294.33,299.5 3 1
github.com/MartinSimango/dstruct/tree.builder.go:303.3,303.25 1 1
github.com/MartinSimango/dstruct/tree.builder.go:308.74,309.36 1 1
github.com/MartinSimango/dstruct/tree.builder.go:309.36,311.3 1 1
github.com/MartinSimango/dstruct/tree.builder.go:313.2,314.47 2 1
github.com/MartinSimango/dstruct/tree.builder.go:314.47,315.50 1 1
github.com/MartinSimango/dstruct/tree.builder.go:315.50,318.4 2 1
github.com/MartinSimango/dstruct/tree.builder.go:322.2,322.18 1 1
github.com/MartinSimango/dstruct/tree.builder.go:323.22,324.39 1 1
github.com/MartinSimango/dstruct/tree.builder.go:325.10,326.36 1 0
github.com/MartinSimango/dstruct/tree.builder.go:328.2,329.32 2 1
github.com/MartinSimango/dstruct/tree.builder.go:329.32,331.3 1 0
github.com/MartinSimango/dstruct/tree.builder.go:335.123,343.40 4 1
github.com/MartinSimango/dstruct/tree.builder.go:343.40,347.41 4 1
github.com/MartinSimango/dstruct/tree.builder.go:347.41,349.4 1 1
github.com/MartinSimango/dstruct/tree.builder.go:349.9,352.4 2 1
github.com/MartinSimango/dstruct/tree.builder.go:354.3,358.16 4 1
github.com/MartinSimango/dstruct/tree.builder.go:358.16,360.4 1 1
github.com/MartinSimango/dstruct/tree.builder.go:362.3,368.5 1 1
github.com/MartinSimango/dstruct/tree.builder.go:372.2,373.32 2 1
github.com/MartinSimango/dstruct/tree.builder.go:373.32,375.3 1 1
github.com/MartinSimango/dstruct/tree.builder.go:376.2,376.46 1 1
github.com/MartinSimango/dstruct/tree.builder.go:379.74,380.22 1 1
github.com/MartinSimango/dstruct/tree.builder.go:381.19,382.47 1 1
github.com/MartinSimango/dstruct/tree.builder.go:384.2,384.24 1 1
github.com/MartinSimango/dstruct/tree.builder.go:387.110,389.19 1 1
github.com/MartinSimango/dstruct/tree.builder.go:389.19,391.3 1 1
github.com/MartinSimango/dstruct/tree.builder.go:393.2,396.25 3 1
github.com/MartinSimango/dstruct/tree.builder.go:397.22,398.66 1 1
github.com/MartinSimango/dstruct/tree.builder.go:400.2,400.42 1 1
github.com/MartinSimango/dstruct/tree.builder.go:403.39,404.21 1 1
github.com/MartinSimango/dstruct/tree.builder.go:404.21,406.3 1 1
github.com/MartinSimango/dstruct/tree.builder.go:407.2,407.13 1 1
