mode: set
github.com/MartinSimango/dstruct/node.go:10.49,16.2 1 1
github.com/MartinSimango/dstruct/node.go:18.63,21.2 1 0
github.com/MartinSimango/dstruct/node.go:23.43,25.2 1 0
github.com/MartinSimango/dstruct/node.go:27.49,29.2 1 1
github.com/MartinSimango/dstruct/node.go:31.38,33.2 1 1
github.com/MartinSimango/dstruct/node.go:35.41,44.2 4 0
github.com/MartinSimango/dstruct/node.go:45.35,54.31 4 1
github.com/MartinSimango/dstruct/node.go:58.2,58.16 1 1
github.com/MartinSimango/dstruct/node.go:54.31,57.3 2 1
github.com/MartinSimango/dstruct/tree.builder.go:20.31,29.2 1 1
github.com/MartinSimango/dstruct/tree.builder.go:31.36,33.2 1 1
github.com/MartinSimango/dstruct/tree.builder.go:35.30,36.16 1 1
github.com/MartinSimango/dstruct/tree.builder.go:39.2,40.49 2 1
github.com/MartinSimango/dstruct/tree.builder.go:36.16,38.3 1 1
github.com/MartinSimango/dstruct/tree.builder.go:43.45,48.21 3 1
github.com/MartinSimango/dstruct/tree.builder.go:52.2,52.22 1 1
github.com/MartinSimango/dstruct/tree.builder.go:59.2,59.10 1 1
github.com/MartinSimango/dstruct/tree.builder.go:48.21,49.76 1 1
github.com/MartinSimango/dstruct/tree.builder.go:53.22,54.45 1 1
github.com/MartinSimango/dstruct/tree.builder.go:55.19,56.38 1 0
github.com/MartinSimango/dstruct/tree.builder.go:62.76,64.14 1 1
github.com/MartinSimango/dstruct/tree.builder.go:67.2,70.3 1 1
github.com/MartinSimango/dstruct/tree.builder.go:64.14,66.3 1 0
github.com/MartinSimango/dstruct/tree.builder.go:73.44,74.34 1 1
github.com/MartinSimango/dstruct/tree.builder.go:74.34,77.3 2 0
github.com/MartinSimango/dstruct/tree.builder.go:80.90,83.2 2 1
github.com/MartinSimango/dstruct/tree.builder.go:85.85,91.2 4 0
github.com/MartinSimango/dstruct/tree.builder.go:93.62,97.37 3 0
github.com/MartinSimango/dstruct/tree.builder.go:100.2,102.12 2 0
github.com/MartinSimango/dstruct/tree.builder.go:97.37,99.3 1 0
github.com/MartinSimango/dstruct/tree.builder.go:105.60,108.17 2 0
github.com/MartinSimango/dstruct/tree.builder.go:111.2,111.40 1 0
github.com/MartinSimango/dstruct/tree.builder.go:108.17,110.3 1 0
github.com/MartinSimango/dstruct/tree.builder.go:114.71,119.2 4 0
github.com/MartinSimango/dstruct/tree.builder.go:121.64,124.2 2 0
github.com/MartinSimango/dstruct/tree.builder.go:126.64,131.35 3 0
github.com/MartinSimango/dstruct/tree.builder.go:136.2,136.13 1 0
github.com/MartinSimango/dstruct/tree.builder.go:131.35,132.50 1 0
github.com/MartinSimango/dstruct/tree.builder.go:132.50,134.4 1 0
github.com/MartinSimango/dstruct/tree.builder.go:140.58,142.2 1 1
github.com/MartinSimango/dstruct/tree.builder.go:144.63,147.18 3 1
github.com/MartinSimango/dstruct/tree.builder.go:155.2,155.32 1 1
github.com/MartinSimango/dstruct/tree.builder.go:147.18,148.47 1 1
github.com/MartinSimango/dstruct/tree.builder.go:148.47,150.4 1 0
github.com/MartinSimango/dstruct/tree.builder.go:150.9,152.4 1 1
github.com/MartinSimango/dstruct/tree.builder.go:158.161,160.22 2 1
github.com/MartinSimango/dstruct/tree.builder.go:164.2,180.22 5 1
github.com/MartinSimango/dstruct/tree.builder.go:187.2,187.18 1 1
github.com/MartinSimango/dstruct/tree.builder.go:160.22,161.64 1 1
github.com/MartinSimango/dstruct/tree.builder.go:181.22,182.76 1 1
github.com/MartinSimango/dstruct/tree.builder.go:183.19,184.69 1 1
github.com/MartinSimango/dstruct/tree.builder.go:190.50,191.33 1 1
github.com/MartinSimango/dstruct/tree.builder.go:194.2,194.39 1 1
github.com/MartinSimango/dstruct/tree.builder.go:198.2,198.8 1 1
github.com/MartinSimango/dstruct/tree.builder.go:191.33,193.3 1 1
github.com/MartinSimango/dstruct/tree.builder.go:194.39,196.3 1 1
github.com/MartinSimango/dstruct/tree.builder.go:201.42,207.33 3 1
github.com/MartinSimango/dstruct/tree.builder.go:226.2,227.42 2 1
github.com/MartinSimango/dstruct/tree.builder.go:231.2,231.26 1 1
github.com/MartinSimango/dstruct/tree.builder.go:207.33,210.26 3 1
github.com/MartinSimango/dstruct/tree.builder.go:216.3,222.5 1 1
github.com/MartinSimango/dstruct/tree.builder.go:210.26,212.4 1 1
github.com/MartinSimango/dstruct/tree.builder.go:212.9,214.4 1 1
github.com/MartinSimango/dstruct/tree.builder.go:227.42,229.3 1 0
github.com/MartinSimango/dstruct/tree.builder.go:234.67,235.40 1 1
github.com/MartinSimango/dstruct/tree.builder.go:235.40,239.23 4 1
github.com/MartinSimango/dstruct/tree.builder.go:251.3,253.33 2 1
github.com/MartinSimango/dstruct/tree.builder.go:240.23,241.44 1 1
github.com/MartinSimango/dstruct/tree.builder.go:242.20,243.44 1 0
github.com/MartinSimango/dstruct/tree.builder.go:244.11,249.32 1 1
github.com/MartinSimango/dstruct/tree.builder.go:253.33,255.4 1 1
github.com/MartinSimango/dstruct/tree.builder.go:261.56,264.20 2 1
github.com/MartinSimango/dstruct/tree.builder.go:264.20,267.54 1 1
github.com/MartinSimango/dstruct/tree.builder.go:274.3,274.44 1 1
github.com/MartinSimango/dstruct/tree.builder.go:284.3,284.25 1 1
github.com/MartinSimango/dstruct/tree.builder.go:267.54,272.4 4 0
github.com/MartinSimango/dstruct/tree.builder.go:274.44,275.33 1 1
github.com/MartinSimango/dstruct/tree.builder.go:275.33,280.5 4 1
github.com/MartinSimango/dstruct/tree.builder.go:289.74,290.36 1 0
github.com/MartinSimango/dstruct/tree.builder.go:294.2,295.31 2 0
github.com/MartinSimango/dstruct/tree.builder.go:302.2,302.18 1 0
github.com/MartinSimango/dstruct/tree.builder.go:308.2,309.32 2 0
github.com/MartinSimango/dstruct/tree.builder.go:290.36,292.3 1 0
github.com/MartinSimango/dstruct/tree.builder.go:295.31,296.50 1 0
github.com/MartinSimango/dstruct/tree.builder.go:296.50,299.4 2 0
github.com/MartinSimango/dstruct/tree.builder.go:303.22,304.39 1 0
github.com/MartinSimango/dstruct/tree.builder.go:305.10,306.36 1 0
github.com/MartinSimango/dstruct/tree.builder.go:309.32,311.3 1 0
github.com/MartinSimango/dstruct/tree.builder.go:315.123,323.40 4 1
github.com/MartinSimango/dstruct/tree.builder.go:352.2,353.32 2 1
github.com/MartinSimango/dstruct/tree.builder.go:356.2,356.46 1 1
github.com/MartinSimango/dstruct/tree.builder.go:323.40,327.41 4 1
github.com/MartinSimango/dstruct/tree.builder.go:334.3,338.16 4 1
github.com/MartinSimango/dstruct/tree.builder.go:342.3,348.5 1 1
github.com/MartinSimango/dstruct/tree.builder.go:327.41,329.4 1 1
github.com/MartinSimango/dstruct/tree.builder.go:329.9,332.4 2 1
github.com/MartinSimango/dstruct/tree.builder.go:338.16,340.4 1 1
github.com/MartinSimango/dstruct/tree.builder.go:353.32,355.3 1 1
github.com/MartinSimango/dstruct/tree.builder.go:359.74,360.22 1 1
github.com/MartinSimango/dstruct/tree.builder.go:364.2,364.24 1 1
github.com/MartinSimango/dstruct/tree.builder.go:361.19,362.47 1 1
github.com/MartinSimango/dstruct/tree.builder.go:367.110,369.19 1 1
github.com/MartinSimango/dstruct/tree.builder.go:373.2,376.25 3 1
github.com/MartinSimango/dstruct/tree.builder.go:381.2,381.42 1 1
github.com/MartinSimango/dstruct/tree.builder.go:369.19,371.3 1 0
github.com/MartinSimango/dstruct/tree.builder.go:377.22,379.66 1 1
github.com/MartinSimango/dstruct/tree.builder.go:384.39,385.21 1 1
github.com/MartinSimango/dstruct/tree.builder.go:388.2,388.13 1 1
github.com/MartinSimango/dstruct/tree.builder.go:385.21,387.3 1 1
github.com/MartinSimango/dstruct/field.go:19.38,21.2 1 0
github.com/MartinSimango/dstruct/field.go:23.31,25.2 1 0
github.com/MartinSimango/dstruct/field.go:27.39,29.2 1 0
github.com/MartinSimango/dstruct/field.go:31.40,33.2 1 1
github.com/MartinSimango/dstruct/field.go:35.40,37.2 1 0
github.com/MartinSimango/dstruct/generated.struct.go:39.55,41.2 1 0
github.com/MartinSimango/dstruct/generated.struct.go:43.101,51.2 3 0
github.com/MartinSimango/dstruct/generated.struct.go:53.58,55.39 1 0
github.com/MartinSimango/dstruct/generated.struct.go:55.39,56.26 1 0
github.com/MartinSimango/dstruct/generated.struct.go:60.3,60.109 1 0
github.com/MartinSimango/dstruct/generated.struct.go:56.26,57.12 1 0
github.com/MartinSimango/dstruct/generated.struct.go:64.43,66.2 1 0
github.com/MartinSimango/dstruct/generated.struct.go:68.123,69.31 1 0
github.com/MartinSimango/dstruct/generated.struct.go:72.2,72.38 1 0
github.com/MartinSimango/dstruct/generated.struct.go:75.2,76.12 2 0
github.com/MartinSimango/dstruct/generated.struct.go:69.31,71.3 1 0
github.com/MartinSimango/dstruct/generated.struct.go:72.38,74.3 1 0
github.com/MartinSimango/dstruct/generated.struct.go:79.99,81.2 1 0
github.com/MartinSimango/dstruct/generated.struct.go:83.49,84.45 1 0
github.com/MartinSimango/dstruct/generated.struct.go:84.45,85.55 1 0
github.com/MartinSimango/dstruct/generated.struct.go:85.55,87.4 1 0
github.com/MartinSimango/dstruct/generated.struct.go:91.30,94.2 2 0
github.com/MartinSimango/dstruct/generated.struct.go:96.54,102.2 1 0
github.com/MartinSimango/dstruct/merger.go:11.61,12.21 1 0
github.com/MartinSimango/dstruct/merger.go:16.2,16.35 1 0
github.com/MartinSimango/dstruct/merger.go:22.2,24.35 3 0
github.com/MartinSimango/dstruct/merger.go:34.2,34.37 1 0
github.com/MartinSimango/dstruct/merger.go:12.21,14.3 1 0
github.com/MartinSimango/dstruct/merger.go:16.35,17.58 1 0
github.com/MartinSimango/dstruct/merger.go:17.58,19.4 1 0
github.com/MartinSimango/dstruct/merger.go:24.35,27.17 3 0
github.com/MartinSimango/dstruct/merger.go:30.3,30.36 1 0
github.com/MartinSimango/dstruct/merger.go:27.17,29.4 1 0
github.com/MartinSimango/dstruct/merger.go:38.78,43.66 2 0
github.com/MartinSimango/dstruct/merger.go:86.2,86.33 1 0
github.com/MartinSimango/dstruct/merger.go:90.2,90.42 1 0
github.com/MartinSimango/dstruct/merger.go:43.66,48.16 3 0
github.com/MartinSimango/dstruct/merger.go:52.3,52.88 1 0
github.com/MartinSimango/dstruct/merger.go:56.3,56.47 1 0
github.com/MartinSimango/dstruct/merger.go:48.16,50.12 2 0
github.com/MartinSimango/dstruct/merger.go:52.88,54.4 1 0
github.com/MartinSimango/dstruct/merger.go:56.47,59.119 3 0
github.com/MartinSimango/dstruct/merger.go:62.4,63.44 2 0
github.com/MartinSimango/dstruct/merger.go:59.119,61.5 1 0
github.com/MartinSimango/dstruct/merger.go:63.44,67.19 2 0
github.com/MartinSimango/dstruct/merger.go:70.5,70.64 1 0
github.com/MartinSimango/dstruct/merger.go:67.19,69.6 1 0
github.com/MartinSimango/dstruct/merger.go:71.10,73.5 1 0
github.com/MartinSimango/dstruct/merger.go:75.9,75.55 1 0
github.com/MartinSimango/dstruct/merger.go:75.55,77.18 2 0
github.com/MartinSimango/dstruct/merger.go:80.4,81.78 2 0
github.com/MartinSimango/dstruct/merger.go:77.18,79.5 1 0
github.com/MartinSimango/dstruct/merger.go:86.33,89.3 2 0
github.com/MartinSimango/dstruct/merger.go:93.46,94.78 1 0
github.com/MartinSimango/dstruct/merger.go:97.2,97.13 1 0
github.com/MartinSimango/dstruct/merger.go:94.78,96.3 1 0
github.com/MartinSimango/dstruct/merger.go:100.69,103.61 3 0
github.com/MartinSimango/dstruct/merger.go:112.2,112.12 1 0
github.com/MartinSimango/dstruct/merger.go:103.61,104.43 1 0
github.com/MartinSimango/dstruct/merger.go:104.43,106.4 1 0
github.com/MartinSimango/dstruct/merger.go:107.8,108.28 1 0
github.com/MartinSimango/dstruct/merger.go:108.28,110.4 1 0
github.com/MartinSimango/dstruct/merger.go:115.112,119.79 3 0
github.com/MartinSimango/dstruct/merger.go:128.2,128.12 1 0
github.com/MartinSimango/dstruct/merger.go:119.79,120.43 1 0
github.com/MartinSimango/dstruct/merger.go:120.43,122.4 1 0
github.com/MartinSimango/dstruct/merger.go:123.8,124.28 1 0
github.com/MartinSimango/dstruct/merger.go:124.28,126.4 1 0
github.com/MartinSimango/dstruct/modifier.go:44.77,53.2 3 1
github.com/MartinSimango/dstruct/modifier.go:55.76,57.42 1 1
github.com/MartinSimango/dstruct/modifier.go:57.42,61.3 3 1
github.com/MartinSimango/dstruct/modifier.go:64.48,66.2 1 0
github.com/MartinSimango/dstruct/modifier.go:67.53,69.2 1 1
github.com/MartinSimango/dstruct/modifier.go:71.69,72.31 1 0
github.com/MartinSimango/dstruct/modifier.go:75.2,75.55 1 0
github.com/MartinSimango/dstruct/modifier.go:72.31,74.3 1 0
github.com/MartinSimango/dstruct/modifier.go:78.41,81.27 2 0
github.com/MartinSimango/dstruct/modifier.go:88.2,88.13 1 0
github.com/MartinSimango/dstruct/modifier.go:81.27,84.39 2 0
github.com/MartinSimango/dstruct/modifier.go:84.39,86.4 1 0
github.com/MartinSimango/dstruct/modifier.go:90.73,91.31 1 0
github.com/MartinSimango/dstruct/modifier.go:95.2,95.29 1 0
github.com/MartinSimango/dstruct/modifier.go:99.2,100.23 2 0
github.com/MartinSimango/dstruct/modifier.go:111.2,113.12 2 0
github.com/MartinSimango/dstruct/modifier.go:91.31,93.3 1 0
github.com/MartinSimango/dstruct/modifier.go:95.29,97.3 1 0
github.com/MartinSimango/dstruct/modifier.go:100.23,101.19 1 0
github.com/MartinSimango/dstruct/modifier.go:107.3,108.13 2 0
github.com/MartinSimango/dstruct/modifier.go:101.19,102.28 1 0
github.com/MartinSimango/dstruct/modifier.go:105.4,105.14 1 0
github.com/MartinSimango/dstruct/modifier.go:102.28,104.5 1 0
github.com/MartinSimango/dstruct/modifier.go:116.67,118.2 1 0
github.com/MartinSimango/dstruct/modifier.go:120.54,123.2 2 0
